Arguments: 
  /usr/local/Cellar/node/7.3.0/bin/node /usr/local/bin/yarn add vue-chartjs -S

PATH: 
  /usr/local/bin:/usr/bin:/bin:/usr/sbin:/sbin:/usr/local/go/bin:/Users/blue5tar/.composer/vendor/bin:/usr/local/Cellar/qt5/5.7.1_1/bin:/Users/blue5tar/code/phantomjs-2.1.1/bin:/Applications/Google Chrome.app/Contents/MacOS:/Users/blue5tar/Library/Python/2.7/bin

Yarn version: 
  0.27.5

Node version: 
  7.3.0

Platform: 
  darwin x64

npm manifest: 
  {
    "name": "bitcoineum-pool",
    "description": "Bitcoineum Pool",
    "author": "yuanchao",
    "private": true,
    "scripts": {
      "dev": "webpack-dev-server --inline --hot --env.dev",
      "build": "rimraf dist && webpack -p --progress --hide-modules"
    },
    "dependencies": {
      "element-ui": "^1.3.5",
      "vue": "^2.3.0",
      "vue-router": "^2.5.3",
      "web3": "^0.20.1"
    },
    "engines": {
      "node": ">=6"
    },
    "devDependencies": {
      "autoprefixer": "^6.6.0",
      "babel-core": "^6.24.1",
      "babel-loader": "^6.4.0",
      "babel-preset-vue-app": "^1.2.0",
      "css-loader": "^0.27.0",
      "extract-text-webpack-plugin": "^2.1.2",
      "file-loader": "^0.10.1",
      "html-webpack-plugin": "^2.24.1",
      "postcss-loader": "^1.3.3",
      "rimraf": "^2.5.4",
      "style-loader": "^0.13.2",
      "url-loader": "^0.5.8",
      "vue-loader": "^11.1.4",
      "vue-template-compiler": "^2.1.8",
      "webpack": "^2.4.1",
      "webpack-dev-server": "^2.4.2"
    }
  }

yarn manifest: 
  No manifest

Lockfile: 
  No lockfile

Trace: 
  Error: EEXIST: file already exists, mkdir '/Users/blue5tar/code/gao_pool/node_modules/acorn-dynamic-import'
